[debug] [2019-05-19T22:52:13.759Z] ----------------------------------------------------------------------
[debug] [2019-05-19T22:52:13.762Z] Command:       /usr/local/bin/node /usr/local/bin/firebase init
[debug] [2019-05-19T22:52:13.763Z] CLI Version:   6.7.1
[debug] [2019-05-19T22:52:13.763Z] Platform:      darwin
[debug] [2019-05-19T22:52:13.763Z] Node Version:  v10.15.2
[debug] [2019-05-19T22:52:14.196Z] Time:          Sun May 19 2019 19:52:13 GMT-0300 (GMT-03:00)
[debug] [2019-05-19T22:52:14.196Z] ----------------------------------------------------------------------
[debug] 
[debug] [2019-05-19T22:52:14.389Z] > command requires scopes: ["email","openid","https://www.googleapis.com/auth/cloudplatformprojects.readonly","https://www.googleapis.com/auth/firebase","https://www.googleapis.com/auth/cloud-platform"]
[debug] [2019-05-19T22:52:14.390Z] > authorizing via signed-in user
[info] 
     ######## #### ########  ######## ########     ###     ######  ########
     ##        ##  ##     ## ##       ##     ##  ##   ##  ##       ##
     ######    ##  ########  ######   ########  #########  ######  ######
     ##        ##  ##    ##  ##       ##     ## ##     ##       ## ##
     ##       #### ##     ## ######## ########  ##     ##  ######  ########

You're about to initialize a Firebase project in this directory:

  /TCC/now-ui-kit-angular-master

Before we get started, keep in mind:

  * You are currently outside your home directory
  * You are initializing in an existing Firebase project directory

